<?xml version="1.0" encoding="UTF-8"?>
<testsuite xmlns:xsi="http://www.w3.org/2001/XMLSchema-instance" xsi:noNamespaceSchemaLocation="https://maven.apache.org/surefire/maven-surefire-plugin/xsd/surefire-test-report-3.0.xsd" version="3.0" name="TestSuite" time="4.549" tests="7" errors="0" skipped="0" failures="0">
  <properties>
[...]
</properties>
  <testcase name="addToCart_validItem_returns201" classname="com.wag.qe.api.CartApiTest" time="2.766">
    <system-out><![CDATA[[REST Assured] Starting CartApiTest against: https://jsonplaceholder.typicode.com
]]></system-out>
  </testcase>
  <testcase name="getCartItems_validPatient_returnsCollection" classname="com.wag.qe.api.CartApiTest" time="0.301"/>
  <testcase name="getCartItems_verifyContentType_isJSON" classname="com.wag.qe.api.CartApiTest" time="0.106"/>
  <testcase name="getPatientRecord_invalidId_returns404" classname="com.wag.qe.api.PrescriptionApiTest" time="0.189">
    <system-out><![CDATA[[REST Assured] Starting PrescriptionApiTest against: https://jsonplaceholder.typicode.com
17:45:26.155 ERROR c.w.q.a.c.ApiConfig$FailureOnlyLoggingFilter — API call failed — GET https://jsonplaceholder.typicode.com/users/99999 → HTTP 404
17:45:26.162 ERROR c.w.q.a.c.ApiConfig$FailureOnlyLoggingFilter —   Request headers:  Accept=application/json, application/javascript, text/javascript, text/json
Content-Type=application/json
17:45:26.162 ERROR c.w.q.a.c.ApiConfig$FailureOnlyLoggingFilter —   Request body:     <none>
17:45:26.162 ERROR c.w.q.a.c.ApiConfig$FailureOnlyLoggingFilter —   Response headers: Date=Fri, 17 Apr 2026 21:45:26 GMT
Content-Type=application/json; charset=utf-8
Content-Length=2
Connection=keep-alive
access-control-allow-credentials=true
Cache-Control=max-age=43200
etag=W/"2-vyGp6PvFo4RvsFtPoIWeCReyIC8"
expires=-1
nel={"report_to":"heroku-nel","response_headers":["Via"],"max_age":3600,"success_fraction":0.01,"failure_fraction":0.1}
pragma=no-cache
report-to={"group":"heroku-nel","endpoints":[{"url":"https://nel.heroku.com/reports?s=UyvKYy3jxeTDRko91ZQJ4TMaNqcDrqUnzmUutZBDwcg%3D\u0026sid=e11707d5-02a7-43ef-b45e-2cf4d2036f7d\u0026ts=1776462326"}],"max_age":3600}
reporting-endpoints=heroku-nel="https://nel.heroku.com/reports?s=UyvKYy3jxeTDRko91ZQJ4TMaNqcDrqUnzmUutZBDwcg%3D&sid=e11707d5-02a7-43ef-b45e-2cf4d2036f7d&ts=1776462326"
Server=cloudflare
vary=Origin, Accept-Encoding
via=2.0 heroku-router
x-content-type-options=nosniff
x-powered-by=Express
x-ratelimit-limit=1000
x-ratelimit-remaining=997
x-ratelimit-reset=1776462352
cf-cache-status=EXPIRED
CF-RAY=9ede9de2ae9544cf-ATL
alt-svc=h3=":443"; ma=86400
17:45:26.173 ERROR c.w.q.a.c.ApiConfig$FailureOnlyLoggingFilter —   Response body:    {
    
}
]]></system-out>
  </testcase>
  <testcase name="getPatientRecord_validId_returns200WithSchema" classname="com.wag.qe.api.PrescriptionApiTest" time="0.177"/>
  <testcase name="prescriptionSubmission_responseTime_underSLA" classname="com.wag.qe.api.PrescriptionApiTest" time="0.112"/>
  <testcase name="submitPrescriptionRefill_validPayload_returns201" classname="com.wag.qe.api.PrescriptionApiTest" time="0.142"/>
</testsuite>