<?xml version="1.0" encoding="UTF-8"?>
<!-- Generated by org.testng.reporters.JUnitReportReporter -->
<testsuite hostname="Owners-MacBook-Air.local" failures="0" tests="4" name="com.wag.qe.api.PrescriptionApiTest" time="0.620" errors="0" timestamp="2026-04-17T17:45:26 EDT" skipped="0">
  <testcase classname="com.wag.qe.api.PrescriptionApiTest" name="getPatientRecord_invalidId_returns404" time="0.189"/>
  <testcase classname="com.wag.qe.api.PrescriptionApiTest" name="prescriptionSubmission_responseTime_underSLA" time="0.112"/>
  <testcase classname="com.wag.qe.api.PrescriptionApiTest" name="getPatientRecord_validId_returns200WithSchema" time="0.177"/>
  <testcase classname="com.wag.qe.api.PrescriptionApiTest" name="submitPrescriptionRefill_validPayload_returns201" time="0.142"/>
</testsuite> <!-- com.wag.qe.api.PrescriptionApiTest -->
