<?xml version="1.0" encoding="UTF-8"?>
<!-- Generated by org.testng.reporters.JUnitReportReporter -->
<testsuite hostname="Owners-MacBook-Air.local" failures="0" tests="3" name="com.wag.qe.api.CartApiTest" time="3.174" errors="0" timestamp="2026-04-17T17:45:26 EDT" skipped="0">
  <testcase classname="com.wag.qe.api.CartApiTest" name="addToCart_validItem_returns201" time="2.768"/>
  <testcase classname="com.wag.qe.api.CartApiTest" name="getCartItems_validPatient_returnsCollection" time="0.301"/>
  <testcase classname="com.wag.qe.api.CartApiTest" name="getCartItems_verifyContentType_isJSON" time="0.105"/>
</testsuite> <!-- com.wag.qe.api.CartApiTest -->
