<?xml version="1.0" encoding="UTF-8"?>
<testsuite xmlns:xsi="http://www.w3.org/2001/XMLSchema-instance" xsi:noNamespaceSchemaLocation="https://maven.apache.org/surefire/maven-surefire-plugin/xsd/surefire-test-report-3.0.xsd" version="3.0" name="com.wag.qe.pact.consumer.PrescriptionConsumerTest" time="1.615" tests="1" errors="0" skipped="0" failures="0">
  <properties>
[...]
</properties>
  <testcase name="prescriptionService_retrievesPatientRecord_whenPatientExists(MockServer)" classname="com.wag.qe.pact.consumer.PrescriptionConsumerTest" time="1.042">
    <system-out><![CDATA[18:39:30.614 [main] DEBUG au.com.dius.pact.consumer.junit5.PactConsumerTestExt$Companion -- Found @PactTestFor annotation on test method void com.wag.qe.pact.consumer.PrescriptionConsumerTest.prescriptionService_retrievesPatientRecord_whenPatientExists(au.com.dius.pact.consumer.MockServer) throws java.lang.Exception
18:39:30.619 [main] DEBUG au.com.dius.pact.consumer.junit5.PactConsumerTestExt$Companion -- Found @PactTestFor annotation on test class com.wag.qe.pact.consumer.PrescriptionConsumerTest
18:39:30.637 [main] DEBUG au.com.dius.pact.consumer.junit5.PactConsumerTestExt$Companion -- Looking for @Pact method named 'patientExistsContract' for provider 'null'
18:39:30.650 [main] DEBUG au.com.dius.pact.consumer.junit5.PactConsumerTestExt$Companion -- providerInfo = ProviderInfo(providerName=PatientService, hostInterface=, port=, pactVersion=V3, providerType=null, https=false, mockServerImplementation=Default, keyStorePath=, keyStoreAlias=, keyStorePassword=, privateKeyPassword=)
18:39:30.657 [main] DEBUG au.com.dius.pact.consumer.junit5.PactConsumerTestExt$Companion -- Looking for @Pact method named 'patientExistsContract' for provider 'PatientService'
18:39:30.659 [main] DEBUG au.com.dius.pact.consumer.junit5.PactConsumerTestExt$Companion -- Invoking method 'patientExistsContract' to get Pact for the test 'prescriptionService_retrievesPatientRecord_whenPatientExists'
18:39:30.708 [main] DEBUG org.apache.tika.config.TikaConfig -- loading tika config from defaults; no config file specified
18:39:30.963 [main] DEBUG au.com.dius.pact.consumer.BaseJdkMockServer$Companion -- Starting mock server
18:39:30.963 [main] DEBUG au.com.dius.pact.consumer.BaseJdkMockServer$Companion -- Mock server started: /127.0.0.1:63694
18:39:31.220 [main] DEBUG org.apache.hc.client5.http.impl.classic.InternalHttpClient -- ex-0000000001 preparing request execution
18:39:31.230 [main] DEBUG org.apache.hc.client5.http.impl.classic.ProtocolExec -- ex-0000000001 target auth state: UNCHALLENGED
18:39:31.231 [main] DEBUG org.apache.hc.client5.http.impl.classic.ProtocolExec -- ex-0000000001 proxy auth state: UNCHALLENGED
18:39:31.231 [main] DEBUG org.apache.hc.client5.http.impl.classic.ConnectExec -- ex-0000000001 acquiring connection with route {}->http://localhost:63694
18:39:31.232 [main] DEBUG org.apache.hc.client5.http.impl.classic.InternalHttpClient -- ex-0000000001 acquiring endpoint (3 MINUTES)
18:39:31.232 [main] DEBUG org.apache.hc.client5.http.impl.io.BasicHttpClientConnectionManager -- ep-0000000000 Get connection for route {}->http://localhost:63694
18:39:31.241 [main] DEBUG org.apache.hc.client5.http.impl.io.BasicHttpClientConnectionManager -- ep-0000000000 Using connection [Not bound]
18:39:31.241 [main] DEBUG org.apache.hc.client5.http.impl.classic.InternalHttpClient -- ex-0000000001 acquired endpoint InternalConnectionEndpoint-85e6769
18:39:31.242 [main] DEBUG org.apache.hc.client5.http.impl.classic.ConnectExec -- ex-0000000001 opening connection {}->http://localhost:63694
18:39:31.242 [main] DEBUG org.apache.hc.client5.http.impl.classic.InternalHttpClient -- InternalConnectionEndpoint-85e6769 connecting endpoint (null)
18:39:31.242 [main] DEBUG org.apache.hc.client5.http.impl.io.BasicHttpClientConnectionManager -- InternalConnectionEndpoint-85e6769 connecting endpoint to http://localhost:63694 (3 MINUTES)
18:39:31.243 [main] DEBUG org.apache.hc.client5.http.impl.io.DefaultHttpClientConnectionOperator -- localhost resolving remote address
18:39:31.243 [main] DEBUG org.apache.hc.client5.http.impl.io.DefaultHttpClientConnectionOperator -- localhost resolved to [localhost/127.0.0.1, localhost/0:0:0:0:0:0:0:1]
18:39:31.246 [main] DEBUG org.apache.hc.client5.http.impl.io.DefaultHttpClientConnectionOperator -- localhost:63694 connecting null->localhost/127.0.0.1:63694 (3 MINUTES)
18:39:31.249 [main] DEBUG org.apache.hc.client5.http.impl.io.DefaultManagedHttpClientConnection -- http-outgoing-0 set socket timeout to 3 MINUTES
18:39:31.249 [main] DEBUG org.apache.hc.client5.http.impl.io.DefaultHttpClientConnectionOperator -- localhost:63694 connected null->localhost/127.0.0.1:63694 as http-outgoing-0
18:39:31.249 [main] DEBUG org.apache.hc.client5.http.impl.io.BasicHttpClientConnectionManager -- InternalConnectionEndpoint-85e6769 connected http-outgoing-0
18:39:31.249 [main] DEBUG org.apache.hc.client5.http.impl.classic.InternalHttpClient -- InternalConnectionEndpoint-85e6769 endpoint connected
18:39:31.250 [main] DEBUG org.apache.hc.client5.http.impl.classic.MainClientExec -- ex-0000000001 executing OPTIONS / HTTP/1.1
18:39:31.250 [main] DEBUG org.apache.hc.client5.http.protocol.RequestAddCookies -- ex-0000000001 Cookie spec selected: strict
18:39:31.257 [main] DEBUG org.apache.hc.client5.http.impl.classic.InternalHttpClient -- InternalConnectionEndpoint-85e6769 start execution ex-0000000001
18:39:31.258 [main] DEBUG org.apache.hc.client5.http.impl.io.BasicHttpClientConnectionManager -- ep-0000000000 Executing exchange ex-0000000001
18:39:31.258 [main] DEBUG org.apache.hc.client5.http.headers -- http-outgoing-0 >> OPTIONS / HTTP/1.1
18:39:31.258 [main] DEBUG org.apache.hc.client5.http.headers -- http-outgoing-0 >> X-PACT-BOOTCHECK: true
18:39:31.258 [main] DEBUG org.apache.hc.client5.http.headers -- http-outgoing-0 >> Accept-Encoding: gzip, x-gzip, deflate
18:39:31.258 [main] DEBUG org.apache.hc.client5.http.headers -- http-outgoing-0 >> Host: localhost:63694
18:39:31.259 [main] DEBUG org.apache.hc.client5.http.headers -- http-outgoing-0 >> Connection: keep-alive
18:39:31.259 [main] DEBUG org.apache.hc.client5.http.headers -- http-outgoing-0 >> User-Agent: Apache-HttpClient/5.2.1 (Java/25.0.2)
18:39:31.259 [main] DEBUG org.apache.hc.client5.http.wire -- http-outgoing-0 >> "OPTIONS / HTTP/1.1[\r][\n]"
18:39:31.259 [main] DEBUG org.apache.hc.client5.http.wire -- http-outgoing-0 >> "X-PACT-BOOTCHECK: true[\r][\n]"
18:39:31.259 [main] DEBUG org.apache.hc.client5.http.wire -- http-outgoing-0 >> "Accept-Encoding: gzip, x-gzip, deflate[\r][\n]"
18:39:31.259 [main] DEBUG org.apache.hc.client5.http.wire -- http-outgoing-0 >> "Host: localhost:63694[\r][\n]"
18:39:31.259 [main] DEBUG org.apache.hc.client5.http.wire -- http-outgoing-0 >> "Connection: keep-alive[\r][\n]"
18:39:31.259 [main] DEBUG org.apache.hc.client5.http.wire -- http-outgoing-0 >> "User-Agent: Apache-HttpClient/5.2.1 (Java/25.0.2)[\r][\n]"
18:39:31.259 [main] DEBUG org.apache.hc.client5.http.wire -- http-outgoing-0 >> "[\r][\n]"
18:39:31.293 [main] DEBUG org.apache.hc.client5.http.wire -- http-outgoing-0 << "HTTP/1.1 200 OK[\r][\n]"
18:39:31.293 [main] DEBUG org.apache.hc.client5.http.wire -- http-outgoing-0 << "Date: Fri, 17 Apr 2026 22:39:31 GMT[\r][\n]"
18:39:31.293 [main] DEBUG org.apache.hc.client5.http.wire -- http-outgoing-0 << "Transfer-encoding: chunked[\r][\n]"
18:39:31.293 [main] DEBUG org.apache.hc.client5.http.wire -- http-outgoing-0 << "X-pact-bootcheck: true[\r][\n]"
18:39:31.293 [main] DEBUG org.apache.hc.client5.http.wire -- http-outgoing-0 << "[\r][\n]"
18:39:31.293 [main] DEBUG org.apache.hc.client5.http.wire -- http-outgoing-0 << "0[\r][\n]"
18:39:31.294 [main] DEBUG org.apache.hc.client5.http.wire -- http-outgoing-0 << "[\r][\n]"
18:39:31.295 [main] DEBUG org.apache.hc.client5.http.headers -- http-outgoing-0 << HTTP/1.1 200 OK
18:39:31.295 [main] DEBUG org.apache.hc.client5.http.headers -- http-outgoing-0 << Date: Fri, 17 Apr 2026 22:39:31 GMT
18:39:31.295 [main] DEBUG org.apache.hc.client5.http.headers -- http-outgoing-0 << Transfer-encoding: chunked
18:39:31.295 [main] DEBUG org.apache.hc.client5.http.headers -- http-outgoing-0 << X-pact-bootcheck: true
18:39:31.298 [main] DEBUG org.apache.hc.client5.http.impl.classic.MainClientExec -- ex-0000000001 connection can be kept alive for 3 MINUTES
18:39:31.299 [main] DEBUG org.apache.hc.client5.http.impl.classic.InternalHttpClient -- InternalConnectionEndpoint-85e6769 releasing valid endpoint
18:39:31.300 [main] DEBUG org.apache.hc.client5.http.impl.io.BasicHttpClientConnectionManager -- ep-0000000000 Releasing connection 127.0.0.1:63695<->127.0.0.1:63694
18:39:31.300 [main] DEBUG org.apache.hc.client5.http.impl.io.BasicHttpClientConnectionManager -- ep-0000000000 Connection can be kept alive for 3 MINUTES
18:39:31.447 [HTTP-Dispatcher] DEBUG au.com.dius.pact.consumer.BaseJdkMockServer$Companion -- Received request: 	method: GET
	path: /users/1
	query: {}
	headers: {Connection=[Upgrade, HTTP2-Settings], Http2-settings=[AAEAAEAAAAIAAAAAAAMAAAAAAAQBAAAAAAUAAEAAAAYABgAA], Host=[localhost:63694], User-agent=[Java-http-client/25.0.2], Upgrade=[h2c]}
	matchers: MatchingRules(rules={})
	generators: Generators(categories={})
	body: EMPTY
18:39:31.451 [HTTP-Dispatcher] DEBUG au.com.dius.pact.core.matchers.RequestMatching$Companion -- comparing to expected request: 
	method: GET
	path: /users/1
	query: {}
	headers: {}
	matchers: MatchingRules(rules={})
	generators: Generators(categories={})
	body: MISSING
18:39:31.452 [HTTP-Dispatcher] DEBUG au.com.dius.pact.core.matchers.RequestMatching$Companion -- pluginConfiguration={}
18:39:31.459 [HTTP-Dispatcher] DEBUG au.com.dius.pact.core.matchers.Matching -- matchBody: context=MatchingContext(matchers=MatchingRuleCategory(name=body, matchingRules={}), allowUnexpectedKeys=false, pluginConfiguration={})
18:39:31.464 [HTTP-Dispatcher] DEBUG au.com.dius.pact.core.matchers.Matching -- No matcher for null, using equality
18:39:31.468 [HTTP-Dispatcher] DEBUG au.com.dius.pact.core.matchers.RequestMatching$Companion -- Request mismatch: RequestMatchResult(method=null, path=null, query=[], cookie=null, headers=[], body=BodyMatchResult(typeMismatch=null, bodyResults=[]))
18:39:31.478 [HTTP-Dispatcher] DEBUG au.com.dius.pact.consumer.BaseJdkMockServer$Companion -- Generating response: 	status: 200
	headers: {Content-Type=[application/json; charset=UTF-8]}
	matchers: MatchingRules(rules={body=MatchingRuleCategory(name=body, matchingRules={$.id=MatchingRuleGroup(rules=[NumberTypeMatcher(numberType=INTEGER)], ruleLogic=AND, cascaded=false), $.name=MatchingRuleGroup(rules=[au.com.dius.pact.core.model.matchingrules.TypeMatcher@6ed4f799], ruleLogic=AND, cascaded=false), $.email=MatchingRuleGroup(rules=[au.com.dius.pact.core.model.matchingrules.TypeMatcher@6ed4f799], ruleLogic=AND, cascaded=false), $.phone=MatchingRuleGroup(rules=[au.com.dius.pact.core.model.matchingrules.TypeMatcher@6ed4f799], ruleLogic=AND, cascaded=false)}), header=MatchingRuleCategory(name=header, matchingRules={Content-Type=MatchingRuleGroup(rules=[RegexMatcher(regex=application/json(;\s?charset=[\w\-]+)?, example=null)], ruleLogic=AND, cascaded=false)}), status=MatchingRuleCategory(name=status, matchingRules={})})
	generators: Generators(categories={})
	body: PRESENT({"email":"Sincere@april.biz","id":1,"name":"Leanne Graham","phone":"1-770-736-8031 x56442"})
18:39:31.507 [Thread-2] WARN au.com.dius.pact.core.support.Metrics -- 
            Please note: we are tracking events anonymously to gather important usage statistics like JVM version
            and operating system. To disable tracking, set the 'pact_do_not_track' system property or environment
            variable to 'true'.
            
18:39:31.540 [Thread-2] DEBUG org.apache.hc.client5.http.impl.classic.InternalHttpClient -- ex-0000000002 preparing request execution
18:39:31.540 [Thread-2] DEBUG org.apache.hc.client5.http.impl.classic.ProtocolExec -- ex-0000000002 target auth state: UNCHALLENGED
18:39:31.540 [Thread-2] DEBUG org.apache.hc.client5.http.impl.classic.ProtocolExec -- ex-0000000002 proxy auth state: UNCHALLENGED
18:39:31.540 [Thread-2] DEBUG org.apache.hc.client5.http.impl.classic.ConnectExec -- ex-0000000002 acquiring connection with route {s}->https://www.google-analytics.com:443
18:39:31.540 [Thread-2] DEBUG org.apache.hc.client5.http.impl.classic.InternalHttpClient -- ex-0000000002 acquiring endpoint (3 MINUTES)
18:39:31.541 [Thread-2] DEBUG org.apache.hc.client5.http.impl.io.PoolingHttpClientConnectionManager -- ex-0000000002 endpoint lease request (3 MINUTES) [route: {s}->https://www.google-analytics.com:443][total available: 0; route allocated: 0 of 100; total allocated: 0 of 200]
18:39:31.543 [Thread-2] DEBUG org.apache.hc.client5.http.impl.io.PoolingHttpClientConnectionManager -- ex-0000000002 endpoint leased [route: {s}->https://www.google-analytics.com:443][total available: 0; route allocated: 1 of 100; total allocated: 1 of 200]
18:39:31.543 [Thread-2] DEBUG org.apache.hc.client5.http.impl.io.PoolingHttpClientConnectionManager -- ex-0000000002 acquired ep-0000000001
18:39:31.544 [Thread-2] DEBUG org.apache.hc.client5.http.impl.classic.InternalHttpClient -- ex-0000000002 acquired endpoint ep-0000000001
18:39:31.544 [Thread-2] DEBUG org.apache.hc.client5.http.impl.classic.ConnectExec -- ex-0000000002 opening connection {s}->https://www.google-analytics.com:443
18:39:31.544 [Thread-2] DEBUG org.apache.hc.client5.http.impl.classic.InternalHttpClient -- ep-0000000001 connecting endpoint (null)
18:39:31.544 [Thread-2] DEBUG org.apache.hc.client5.http.impl.io.PoolingHttpClientConnectionManager -- ep-0000000001 connecting endpoint to https://www.google-analytics.com:443 (3 MINUTES)
18:39:31.544 [Thread-2] DEBUG org.apache.hc.client5.http.impl.io.DefaultHttpClientConnectionOperator -- www.google-analytics.com resolving remote address
18:39:31.570 [Thread-2] DEBUG org.apache.hc.client5.http.impl.io.DefaultHttpClientConnectionOperator -- www.google-analytics.com resolved to [www.google-analytics.com/64.233.177.138, www.google-analytics.com/64.233.177.113, www.google-analytics.com/64.233.177.100, www.google-analytics.com/64.233.177.139, www.google-analytics.com/64.233.177.101, www.google-analytics.com/64.233.177.102, www.google-analytics.com/2607:f8b0:4002:c0f:0:0:0:71, www.google-analytics.com/2607:f8b0:4002:c0f:0:0:0:8a, www.google-analytics.com/2607:f8b0:4002:c0f:0:0:0:64, www.google-analytics.com/2607:f8b0:4002:c0f:0:0:0:66]
18:39:31.570 [Thread-2] DEBUG org.apache.hc.client5.http.impl.io.DefaultHttpClientConnectionOperator -- www.google-analytics.com:443 connecting null->www.google-analytics.com/64.233.177.138:443 (3 MINUTES)
18:39:31.571 [Thread-2] DEBUG org.apache.hc.client5.http.ssl.SSLConnectionSocketFactory -- Connecting socket to www.google-analytics.com/64.233.177.138:443 with timeout 3 MINUTES
18:39:31.611 [main] DEBUG au.com.dius.pact.consumer.BaseJdkMockServer$Companion -- Mock server shutdown
18:39:31.614 [Thread-2] DEBUG org.apache.hc.client5.http.ssl.SSLConnectionSocketFactory -- Enabled protocols: [TLSv1.3, TLSv1.2]
18:39:31.615 [Thread-2] DEBUG org.apache.hc.client5.http.ssl.SSLConnectionSocketFactory -- Enabled cipher suites: [TLS_AES_256_GCM_SHA384, TLS_AES_128_GCM_SHA256, TLS_CHACHA20_POLY1305_SHA256, TLS_ECDHE_ECDSA_WITH_AES_256_GCM_SHA384, TLS_ECDHE_ECDSA_WITH_AES_128_GCM_SHA256, TLS_ECDHE_ECDSA_WITH_CHACHA20_POLY1305_SHA256, TLS_ECDHE_RSA_WITH_AES_256_GCM_SHA384, TLS_ECDHE_RSA_WITH_CHACHA20_POLY1305_SHA256, TLS_ECDHE_RSA_WITH_AES_128_GCM_SHA256, TLS_DHE_RSA_WITH_AES_256_GCM_SHA384, TLS_DHE_RSA_WITH_CHACHA20_POLY1305_SHA256, TLS_DHE_DSS_WITH_AES_256_GCM_SHA384, TLS_DHE_RSA_WITH_AES_128_GCM_SHA256, TLS_DHE_DSS_WITH_AES_128_GCM_SHA256, TLS_ECDHE_ECDSA_WITH_AES_256_CBC_SHA384, TLS_ECDHE_RSA_WITH_AES_256_CBC_SHA384, TLS_ECDHE_ECDSA_WITH_AES_128_CBC_SHA256, TLS_ECDHE_RSA_WITH_AES_128_CBC_SHA256, TLS_DHE_RSA_WITH_AES_256_CBC_SHA256, TLS_DHE_DSS_WITH_AES_256_CBC_SHA256, TLS_DHE_RSA_WITH_AES_128_CBC_SHA256, TLS_DHE_DSS_WITH_AES_128_CBC_SHA256, TLS_ECDHE_ECDSA_WITH_AES_256_CBC_SHA, TLS_ECDHE_RSA_WITH_AES_256_CBC_SHA, TLS_ECDHE_ECDSA_WITH_AES_128_CBC_SHA, TLS_ECDHE_RSA_WITH_AES_128_CBC_SHA, TLS_DHE_RSA_WITH_AES_256_CBC_SHA, TLS_DHE_DSS_WITH_AES_256_CBC_SHA, TLS_DHE_RSA_WITH_AES_128_CBC_SHA, TLS_DHE_DSS_WITH_AES_128_CBC_SHA, TLS_EMPTY_RENEGOTIATION_INFO_SCSV]
18:39:31.615 [Thread-2] DEBUG org.apache.hc.client5.http.ssl.SSLConnectionSocketFactory -- Starting handshake (null)
]]></system-out>
  </testcase>
</testsuite>