<?xml version="1.0" encoding="UTF-8"?>
<!-- Generated by org.testng.reporters.JUnitXMLReporter -->
<testsuite ignored="0" hostname="Owners-MacBook-Air.local" failures="0" tests="7" name="Surefire test" time="3.862" errors="0" timestamp="2026-04-17T17:45:26 EDT">
  <testcase classname="com.wag.qe.api.CartApiTest" name="addToCart_validItem_returns201" time="2.768"/>
  <testcase classname="com.wag.qe.api.CartApiTest" name="getCartItems_validPatient_returnsCollection" time="0.301"/>
  <testcase classname="com.wag.qe.api.CartApiTest" name="getCartItems_verifyContentType_isJSON" time="0.105"/>
  <testcase classname="com.wag.qe.api.PrescriptionApiTest" name="getPatientRecord_invalidId_returns404" time="0.189"/>
  <testcase classname="com.wag.qe.api.PrescriptionApiTest" name="getPatientRecord_validId_returns200WithSchema" time="0.177"/>
  <testcase classname="com.wag.qe.api.PrescriptionApiTest" name="prescriptionSubmission_responseTime_underSLA" time="0.112"/>
  <testcase classname="com.wag.qe.api.PrescriptionApiTest" name="submitPrescriptionRefill_validPayload_returns201" time="0.142"/>
</testsuite> <!-- Surefire test -->
