<?xml version="1.0" encoding="UTF-8"?>
<testsuite xmlns:xsi="http://www.w3.org/2001/XMLSchema-instance" xsi:noNamespaceSchemaLocation="https://maven.apache.org/surefire/maven-surefire-plugin/xsd/surefire-test-report-3.0.xsd" version="3.0" name="com.wag.qe.karate.KarateRunner" time="5.134" tests="1" errors="0" skipped="0" failures="0">
  <properties>
[...]
</properties>
  <testcase name="testParallel" classname="com.wag.qe.karate.KarateRunner" time="5.101">
    <system-out><![CDATA[18:14:06.739 INFO  com.intuit.karate — [Karate] Environment: dev | Base URL: https://jsonplaceholder.typicode.com 
18:14:06.763 INFO  com.intuit.karate — [Karate] Environment: dev | Base URL: https://jsonplaceholder.typicode.com 
18:14:06.770 INFO  com.intuit.karate — [Karate] Environment: dev | Base URL: https://jsonplaceholder.typicode.com 
18:14:06.776 INFO  com.intuit.karate — [Karate] Environment: dev | Base URL: https://jsonplaceholder.typicode.com 
18:14:06.782 INFO  com.intuit.karate — [Karate] Environment: dev | Base URL: https://jsonplaceholder.typicode.com 
18:14:07.936 INFO  com.intuit.karate — [Karate] Environment: dev | Base URL: https://jsonplaceholder.typicode.com 
---------------------------------------------------------
feature: classpath:features/cart/cart-api.feature
scenarios:  3 | passed:  3 | failed:  0 | time: 3.5232
---------------------------------------------------------

18:14:08.669 INFO  com.intuit.karate.Suite — <<pass>> feature 1 of 2 (1 remaining) classpath:features/cart/cart-api.feature
---------------------------------------------------------
feature: classpath:features/prescription/prescription-api.feature
scenarios:  3 | passed:  3 | failed:  0 | time: 2.4464
---------------------------------------------------------

18:14:08.783 INFO  com.intuit.karate.Suite — <<pass>> feature 2 of 2 (0 remaining) classpath:features/prescription/prescription-api.feature
Karate version: 1.4.0
======================================================
elapsed:   4.37 | threads:    5 | thread time: 5.97 
features:     2 | skipped:    0 | efficiency: 0.27
scenarios:    6 | passed:     6 | failed: 0
======================================================

HTML report: (paste into browser to view) | Karate version: 1.4.0
file:///Users/owner/api-quality-platform-reference/karate/target/karate-reports/karate-summary.html
===================================================================

]]></system-out>
  </testcase>
</testsuite>